This file contains any messages produced by compilers while
running configure, to aid debugging if configure makes a mistake.

It was created by GenusCal configure 1.0, which was
generated by GNU Autoconf 2.69.  Invocation command line was

  $ ./configure --no-create --no-recursion

## --------- ##
## Platform. ##
## --------- ##

hostname = Biocomplexitys-MacBook-Pro-9.local
uname -m = x86_64
uname -r = 17.7.0
uname -s = Darwin
uname -v = Darwin Kernel Version 17.7.0: Thu Jun 21 22:53:14 PDT 2018; root:xnu-4570.71.2~1/RELEASE_X86_64

/usr/bin/uname -p = i386
/bin/uname -X     = unknown

/bin/arch              = unknown
/usr/bin/arch -k       = unknown
/usr/convex/getsysinfo = unknown
/usr/bin/hostinfo      = Mach kernel version:
	 Darwin Kernel Version 17.7.0: Thu Jun 21 22:53:14 PDT 2018; root:xnu-4570.71.2~1/RELEASE_X86_64
Kernel configured for up to 4 processors.
2 processors are physically available.
4 processors are logically available.
Processor type: x86_64h (Intel x86-64h Haswell)
Processors active: 0 1 2 3
Primary memory available: 16.00 gigabytes
Default processor set: 460 tasks, 2341 threads, 4 processors
Load average: 3.18, Mach factor: 1.37
/bin/machine           = unknown
/usr/bin/oslevel       = unknown
/bin/universe          = unknown

PATH: /Library/Frameworks/Python.framework/Versions/3.7/bin
PATH: /usr/local/bin
PATH: /usr/bin
PATH: /bin
PATH: /usr/sbin
PATH: /sbin
PATH: /Library/TeX/texbin


## ----------- ##
## Core tests. ##
## ----------- ##

configure:2122: checking for a BSD-compatible install
configure:2190: result: /usr/bin/install -c
configure:2201: checking whether build environment is sane
configure:2256: result: yes
configure:2407: checking for a thread-safe mkdir -p
configure:2446: result: ./install-sh -c -d
configure:2453: checking for gawk
configure:2483: result: no
configure:2453: checking for mawk
configure:2483: result: no
configure:2453: checking for nawk
configure:2483: result: no
configure:2453: checking for awk
configure:2469: found /usr/bin/awk
configure:2480: result: awk
configure:2491: checking whether make sets $(MAKE)
configure:2513: result: yes
configure:2542: checking whether make supports nested variables
configure:2559: result: yes
configure:2736: checking for gcc
configure:2752: found /usr/bin/gcc
configure:2763: result: gcc
configure:2992: checking for C compiler version
configure:3001: gcc --version >&5
Apple LLVM version 10.0.0 (clang-1000.10.44.4)
Target: x86_64-apple-darwin17.7.0
Thread model: posix
InstalledDir: /Library/Developer/CommandLineTools/usr/bin
Configured with: --prefix=/Library/Developer/CommandLineTools/usr --with-gxx-include-dir=/usr/include/c++/4.2.1
configure:3012: $? = 0
configure:3001: gcc -v >&5
Configured with: --prefix=/Library/Developer/CommandLineTools/usr --with-gxx-include-dir=/usr/include/c++/4.2.1
Apple LLVM version 10.0.0 (clang-1000.10.44.4)
Target: x86_64-apple-darwin17.7.0
Thread model: posix
InstalledDir: /Library/Developer/CommandLineTools/usr/bin
configure:3012: $? = 0
configure:3001: gcc -V >&5
clang: error: argument to '-V' is missing (expected 1 value)
clang: error: no input files
configure:3012: $? = 1
configure:3001: gcc -qversion >&5
clang: error: unknown argument: '-qversion'
clang: error: no input files
configure:3012: $? = 1
configure:3032: checking whether the C compiler works
configure:3054: gcc    conftest.c  >&5
configure:3058: $? = 0
configure:3106: result: yes
configure:3109: checking for C compiler default output file name
configure:3111: result: a.out
configure:3117: checking for suffix of executables
configure:3124: gcc -o conftest    conftest.c  >&5
configure:3128: $? = 0
configure:3150: result: 
configure:3172: checking whether we are cross compiling
configure:3180: gcc -o conftest    conftest.c  >&5
configure:3184: $? = 0
configure:3191: ./conftest
configure:3195: $? = 0
configure:3210: result: no
configure:3215: checking for suffix of object files
configure:3237: gcc -c   conftest.c >&5
configure:3241: $? = 0
configure:3262: result: o
configure:3266: checking whether we are using the GNU C compiler
configure:3285: gcc -c   conftest.c >&5
configure:3285: $? = 0
configure:3294: result: yes
configure:3303: checking whether gcc accepts -g
configure:3323: gcc -c -g  conftest.c >&5
configure:3323: $? = 0
configure:3364: result: yes
configure:3381: checking for gcc option to accept ISO C89
configure:3444: gcc  -c -g -O2  conftest.c >&5
configure:3444: $? = 0
configure:3457: result: none needed
configure:3482: checking whether gcc understands -c and -o together
configure:3504: gcc -c conftest.c -o conftest2.o
configure:3507: $? = 0
configure:3504: gcc -c conftest.c -o conftest2.o
configure:3507: $? = 0
configure:3519: result: yes
configure:3539: checking whether make supports the include directive
configure:3554: make -f confmf.GNU && cat confinc.out
this is the am__doit target
configure:3557: $? = 0
configure:3576: result: yes (GNU style)
configure:3601: checking dependency style of gcc
configure:3712: result: gcc3
configure:3731: checking for main in -lm
configure:3750: gcc -o conftest -g -O2   conftest.c -lm   >&5
configure:3750: $? = 0
configure:3759: result: yes
configure:3777: checking how to run the C preprocessor
configure:3808: gcc -E  conftest.c
configure:3808: $? = 0
configure:3822: gcc -E  conftest.c
conftest.c:12:10: fatal error: 'ac_nonexistent.h' file not found
#include <ac_nonexistent.h>
         ^~~~~~~~~~~~~~~~~~
1 error generated.
configure:3822: $? = 1
configure: failed program was:
| /* confdefs.h */
| #define PACKAGE_NAME "GenusCal"
| #define PACKAGE_TARNAME "genuscal"
| #define PACKAGE_VERSION "1.0"
| #define PACKAGE_STRING "GenusCal 1.0"
| #define PACKAGE_BUGREPORT "fenixprotoss@gmail.com"
| #define PACKAGE_URL ""
| #define PACKAGE "genuscal"
| #define VERSION "1.0"
| #define HAVE_LIBM 1
| /* end confdefs.h.  */
| #include <ac_nonexistent.h>
configure:3847: result: gcc -E
configure:3867: gcc -E  conftest.c
configure:3867: $? = 0
configure:3881: gcc -E  conftest.c
conftest.c:12:10: fatal error: 'ac_nonexistent.h' file not found
#include <ac_nonexistent.h>
         ^~~~~~~~~~~~~~~~~~
1 error generated.
configure:3881: $? = 1
configure: failed program was:
| /* confdefs.h */
| #define PACKAGE_NAME "GenusCal"
| #define PACKAGE_TARNAME "genuscal"
| #define PACKAGE_VERSION "1.0"
| #define PACKAGE_STRING "GenusCal 1.0"
| #define PACKAGE_BUGREPORT "fenixprotoss@gmail.com"
| #define PACKAGE_URL ""
| #define PACKAGE "genuscal"
| #define VERSION "1.0"
| #define HAVE_LIBM 1
| /* end confdefs.h.  */
| #include <ac_nonexistent.h>
configure:3910: checking for grep that handles long lines and -e
configure:3968: result: /usr/bin/grep
configure:3973: checking for egrep
configure:4035: result: /usr/bin/grep -E
configure:4040: checking for ANSI C header files
configure:4060: gcc -c -g -O2  conftest.c >&5
configure:4060: $? = 0
configure:4133: gcc -o conftest -g -O2   conftest.c -lm  >&5
configure:4133: $? = 0
configure:4133: ./conftest
configure:4133: $? = 0
configure:4144: result: yes
configure:4157: checking for sys/types.h
configure:4157: gcc -c -g -O2  conftest.c >&5
configure:4157: $? = 0
configure:4157: result: yes
configure:4157: checking for sys/stat.h
configure:4157: gcc -c -g -O2  conftest.c >&5
configure:4157: $? = 0
configure:4157: result: yes
configure:4157: checking for stdlib.h
configure:4157: gcc -c -g -O2  conftest.c >&5
configure:4157: $? = 0
configure:4157: result: yes
configure:4157: checking for string.h
configure:4157: gcc -c -g -O2  conftest.c >&5
configure:4157: $? = 0
configure:4157: result: yes
configure:4157: checking for memory.h
configure:4157: gcc -c -g -O2  conftest.c >&5
configure:4157: $? = 0
configure:4157: result: yes
configure:4157: checking for strings.h
configure:4157: gcc -c -g -O2  conftest.c >&5
configure:4157: $? = 0
configure:4157: result: yes
configure:4157: checking for inttypes.h
configure:4157: gcc -c -g -O2  conftest.c >&5
configure:4157: $? = 0
configure:4157: result: yes
configure:4157: checking for stdint.h
configure:4157: gcc -c -g -O2  conftest.c >&5
configure:4157: $? = 0
configure:4157: result: yes
configure:4157: checking for unistd.h
configure:4157: gcc -c -g -O2  conftest.c >&5
configure:4157: $? = 0
configure:4157: result: yes
configure:4171: checking for stdlib.h
configure:4171: result: yes
configure:4334: checking that generated files are newer than configure
configure:4340: result: done
configure:4363: creating ./config.status

## ---------------- ##
## Cache variables. ##
## ---------------- ##

ac_cv_c_compiler_gnu=yes
ac_cv_env_CC_set=
ac_cv_env_CC_value=
ac_cv_env_CFLAGS_set=
ac_cv_env_CFLAGS_value=
ac_cv_env_CPPFLAGS_set=
ac_cv_env_CPPFLAGS_value=
ac_cv_env_CPP_set=
ac_cv_env_CPP_value=
ac_cv_env_LDFLAGS_set=
ac_cv_env_LDFLAGS_value=
ac_cv_env_LIBS_set=
ac_cv_env_LIBS_value=
ac_cv_env_build_alias_set=
ac_cv_env_build_alias_value=
ac_cv_env_host_alias_set=
ac_cv_env_host_alias_value=
ac_cv_env_target_alias_set=
ac_cv_env_target_alias_value=
ac_cv_header_inttypes_h=yes
ac_cv_header_memory_h=yes
ac_cv_header_stdc=yes
ac_cv_header_stdint_h=yes
ac_cv_header_stdlib_h=yes
ac_cv_header_string_h=yes
ac_cv_header_strings_h=yes
ac_cv_header_sys_stat_h=yes
ac_cv_header_sys_types_h=yes
ac_cv_header_unistd_h=yes
ac_cv_lib_m_main=yes
ac_cv_objext=o
ac_cv_path_EGREP='/usr/bin/grep -E'
ac_cv_path_GREP=/usr/bin/grep
ac_cv_path_install='/usr/bin/install -c'
ac_cv_prog_AWK=awk
ac_cv_prog_CPP='gcc -E'
ac_cv_prog_ac_ct_CC=gcc
ac_cv_prog_cc_c89=
ac_cv_prog_cc_g=yes
ac_cv_prog_make_make_set=yes
am_cv_CC_dependencies_compiler_type=gcc3
am_cv_make_support_nested_variables=yes
am_cv_prog_cc_c_o=yes

## ----------------- ##
## Output variables. ##
## ----------------- ##

ACLOCAL='${SHELL} /Users/biocomplexity/Documents/GitHub/GenusCal/missing aclocal-1.16'
AMDEPBACKSLASH='\'
AMDEP_FALSE='#'
AMDEP_TRUE=''
AMTAR='$${TAR-tar}'
AM_BACKSLASH='\'
AM_DEFAULT_V='$(AM_DEFAULT_VERBOSITY)'
AM_DEFAULT_VERBOSITY='1'
AM_V='$(V)'
AUTOCONF='${SHELL} /Users/biocomplexity/Documents/GitHub/GenusCal/missing autoconf'
AUTOHEADER='${SHELL} /Users/biocomplexity/Documents/GitHub/GenusCal/missing autoheader'
AUTOMAKE='${SHELL} /Users/biocomplexity/Documents/GitHub/GenusCal/missing automake-1.16'
AWK='awk'
CC='gcc'
CCDEPMODE='depmode=gcc3'
CFLAGS='-g -O2'
CPP='gcc -E'
CPPFLAGS=''
CYGPATH_W='echo'
DEFS='-DPACKAGE_NAME=\"GenusCal\" -DPACKAGE_TARNAME=\"genuscal\" -DPACKAGE_VERSION=\"1.0\" -DPACKAGE_STRING=\"GenusCal\ 1.0\" -DPACKAGE_BUGREPORT=\"fenixprotoss@gmail.com\" -DPACKAGE_URL=\"\" -DPACKAGE=\"genuscal\" -DVERSION=\"1.0\" -DHAVE_LIBM=1 -DSTDC_HEADERS=1 -DHAVE_SYS_TYPES_H=1 -DHAVE_SYS_STAT_H=1 -DHAVE_STDLIB_H=1 -DHAVE_STRING_H=1 -DHAVE_MEMORY_H=1 -DHAVE_STRINGS_H=1 -DHAVE_INTTYPES_H=1 -DHAVE_STDINT_H=1 -DHAVE_UNISTD_H=1 -DHAVE_STDLIB_H=1'
DEPDIR='.deps'
ECHO_C='\c'
ECHO_N=''
ECHO_T=''
EGREP='/usr/bin/grep -E'
EXEEXT=''
GREP='/usr/bin/grep'
INSTALL_DATA='${INSTALL} -m 644'
INSTALL_PROGRAM='${INSTALL}'
INSTALL_SCRIPT='${INSTALL}'
INSTALL_STRIP_PROGRAM='$(install_sh) -c -s'
LDFLAGS=''
LIBOBJS=''
LIBS='-lm '
LTLIBOBJS=''
MAKEINFO='${SHELL} /Users/biocomplexity/Documents/GitHub/GenusCal/missing makeinfo'
MKDIR_P='./install-sh -c -d'
OBJEXT='o'
PACKAGE='genuscal'
PACKAGE_BUGREPORT='fenixprotoss@gmail.com'
PACKAGE_NAME='GenusCal'
PACKAGE_STRING='GenusCal 1.0'
PACKAGE_TARNAME='genuscal'
PACKAGE_URL=''
PACKAGE_VERSION='1.0'
PATH_SEPARATOR=':'
SET_MAKE=''
SHELL='/bin/sh'
STRIP=''
VERSION='1.0'
ac_ct_CC='gcc'
am__EXEEXT_FALSE=''
am__EXEEXT_TRUE='#'
am__fastdepCC_FALSE='#'
am__fastdepCC_TRUE=''
am__include='include'
am__isrc=''
am__leading_dot='.'
am__nodep='_no'
am__quote=''
am__tar='$${TAR-tar} chof - "$$tardir"'
am__untar='$${TAR-tar} xf -'
bindir='${exec_prefix}/bin'
build_alias=''
datadir='${datarootdir}'
datarootdir='${prefix}/share'
docdir='${datarootdir}/doc/${PACKAGE_TARNAME}'
dvidir='${docdir}'
exec_prefix='${prefix}'
host_alias=''
htmldir='${docdir}'
includedir='${prefix}/include'
infodir='${datarootdir}/info'
install_sh='${SHELL} /Users/biocomplexity/Documents/GitHub/GenusCal/install-sh'
libdir='${exec_prefix}/lib'
libexecdir='${exec_prefix}/libexec'
localedir='${datarootdir}/locale'
localstatedir='${prefix}/var'
mandir='${datarootdir}/man'
mkdir_p='$(MKDIR_P)'
oldincludedir='/usr/include'
pdfdir='${docdir}'
prefix='/usr/local'
program_transform_name='s,x,x,'
psdir='${docdir}'
sbindir='${exec_prefix}/sbin'
sharedstatedir='${prefix}/com'
sysconfdir='${prefix}/etc'
target_alias=''

## ----------- ##
## confdefs.h. ##
## ----------- ##

/* confdefs.h */
#define PACKAGE_NAME "GenusCal"
#define PACKAGE_TARNAME "genuscal"
#define PACKAGE_VERSION "1.0"
#define PACKAGE_STRING "GenusCal 1.0"
#define PACKAGE_BUGREPORT "fenixprotoss@gmail.com"
#define PACKAGE_URL ""
#define PACKAGE "genuscal"
#define VERSION "1.0"
#define HAVE_LIBM 1
#define STDC_HEADERS 1
#define HAVE_SYS_TYPES_H 1
#define HAVE_SYS_STAT_H 1
#define HAVE_STDLIB_H 1
#define HAVE_STRING_H 1
#define HAVE_MEMORY_H 1
#define HAVE_STRINGS_H 1
#define HAVE_INTTYPES_H 1
#define HAVE_STDINT_H 1
#define HAVE_UNISTD_H 1
#define HAVE_STDLIB_H 1

configure: exit 0

## ---------------------- ##
## Running config.status. ##
## ---------------------- ##

This file was extended by GenusCal config.status 1.0, which was
generated by GNU Autoconf 2.69.  Invocation command line was

  CONFIG_FILES    = 
  CONFIG_HEADERS  = 
  CONFIG_LINKS    = 
  CONFIG_COMMANDS = 
  $ ./config.status 

on Biocomplexitys-MacBook-Pro-9.local

config.status:778: creating Makefile
config.status:778: creating src/Makefile
config.status:950: executing depfiles commands
config.status:1027: cd src       && sed -e '/# am--include-marker/d' Makefile         | make -f - am--depfiles
make[1]: Nothing to be done for `am--depfiles'.
config.status:1032: $? = 0
